# JRE version: Java(TM) SE Runtime Environment (8.0_181-b13) (build 1.8.0_181-b13)
# Java VM: Java HotSpot(TM) 64-Bit Server VM (25.181-b13 mixed mode linux-amd64 compressed oops)
Heap:
 PSYoungGen      total 937472K, used 15012K [0x000000076ca00000, 0x00000007a7c80000, 0x00000007c0000000)
  eden space 909312K, 0% used [0x000000076ca00000,0x000000076ca00000,0x00000007a4200000)
  from space 28160K, 53% used [0x00000007a4580000,0x00000007a5429228,0x00000007a6100000)
  to   space 20992K, 0% used [0x00000007a6800000,0x00000007a6800000,0x00000007a7c80000)
 ParOldGen       total 110080K, used 32460K [0x00000006c5e00000, 0x00000006cc980000, 0x000000076ca00000)
  object space 110080K, 29% used [0x00000006c5e00000,0x00000006c7db32f8,0x00000006cc980000)
 Metaspace       used 58301K, capacity 60898K, committed 61000K, reserved 1101824K
  class space    used 7773K, capacity 8220K, committed 8320K, reserved 1048576K
GC Heap History (10 events):
Event: 0.949 GC heap after
Heap after GC invocations=6 (full 1):
 PSYoungGen      total 268800K, used 0K [0x000000076ca00000, 0x000000078d600000, 0x00000007c0000000)
  eden space 258048K, 0% used [0x000000076ca00000,0x000000076ca00000,0x000000077c600000)
  from space 10752K, 0% used [0x000000077c600000,0x000000077c600000,0x000000077d080000)
  to   space 10240K, 0% used [0x000000078cc00000,0x000000078cc00000,0x000000078d600000)
 ParOldGen       total 75264K, used 5159K [0x00000006c5e00000, 0x00000006ca780000, 0x000000076ca00000)
  object space 75264K, 6% used [0x00000006c5e00000,0x00000006c6309c20,0x00000006ca780000)
 Metaspace       used 21204K, capacity 21848K, committed 21960K, reserved 1069056K
  class space    used 2836K, capacity 3030K, committed 3072K, reserved 1048576K
}
Event: 1.806 GC heap before
{Heap before GC invocations=7 (full 1):
 PSYoungGen      total 268800K, used 258048K [0x000000076ca00000, 0x000000078d600000, 0x00000007c0000000)
  eden space 258048K, 100% used [0x000000076ca00000,0x000000077c600000,0x000000077c600000)
  from space 10752K, 0% used [0x000000077c600000,0x000000077c600000,0x000000077d080000)
  to   space 10240K, 0% used [0x000000078cc00000,0x000000078cc00000,0x000000078d600000)
 ParOldGen       total 75264K, used 5159K [0x00000006c5e00000, 0x00000006ca780000, 0x000000076ca00000)
  object space 75264K, 6% used [0x00000006c5e00000,0x00000006c6309c20,0x00000006ca780000)
 Metaspace       used 31261K, capacity 32864K, committed 32968K, reserved 1077248K
  class space    used 4291K, capacity 4602K, committed 4608K, reserved 1048576K
Event: 1.828 GC heap after
Heap after GC invocations=7 (full 1):
 PSYoungGen      total 502272K, used 10222K [0x000000076ca00000, 0x000000078d600000, 0x00000007c0000000)
  eden space 492032K, 0% used [0x000000076ca00000,0x000000076ca00000,0x000000078aa80000)
  from space 10240K, 99% used [0x000000078cc00000,0x000000078d5fbb40,0x000000078d600000)
  to   space 18944K, 0% used [0x000000078b100000,0x000000078b100000,0x000000078c380000)
 ParOldGen       total 75264K, used 17852K [0x00000006c5e00000, 0x00000006ca780000, 0x000000076ca00000)
  object space 75264K, 23% used [0x00000006c5e00000,0x00000006c6f6f0c8,0x00000006ca780000)
 Metaspace       used 31261K, capacity 32864K, committed 32968K, reserved 1077248K
  class space    used 4291K, capacity 4602K, committed 4608K, reserved 1048576K
}
Event: 2.151 GC heap before
{Heap before GC invocations=8 (full 1):
 PSYoungGen      total 502272K, used 134026K [0x000000076ca00000, 0x000000078d600000, 0x00000007c0000000)
  eden space 492032K, 25% used [0x000000076ca00000,0x00000007742e6fd0,0x000000078aa80000)
  from space 10240K, 99% used [0x000000078cc00000,0x000000078d5fbb40,0x000000078d600000)
  to   space 18944K, 0% used [0x000000078b100000,0x000000078b100000,0x000000078c380000)
 ParOldGen       total 75264K, used 17852K [0x00000006c5e00000, 0x00000006ca780000, 0x000000076ca00000)
  object space 75264K, 23% used [0x00000006c5e00000,0x00000006c6f6f0c8,0x00000006ca780000)
 Metaspace       used 34840K, capacity 36396K, committed 36600K, reserved 1081344K
  class space    used 4608K, capacity 4898K, committed 4992K, reserved 1048576K
Event: 2.163 GC heap after
Heap after GC invocations=8 (full 1):
 PSYoungGen      total 517632K, used 16221K [0x000000076ca00000, 0x00000007a7c80000, 0x00000007c0000000)
  eden space 498688K, 0% used [0x000000076ca00000,0x000000076ca00000,0x000000078b100000)
  from space 18944K, 85% used [0x000000078b100000,0x000000078c0d74c0,0x000000078c380000)
  to   space 20992K, 0% used [0x00000007a6800000,0x00000007a6800000,0x00000007a7c80000)
 ParOldGen       total 75264K, used 17860K [0x00000006c5e00000, 0x00000006ca780000, 0x000000076ca00000)
  object space 75264K, 23% used [0x00000006c5e00000,0x00000006c6f710c8,0x00000006ca780000)
 Metaspace       used 34840K, capacity 36396K, committed 36600K, reserved 1081344K
  class space    used 4608K, capacity 4898K, committed 4992K, reserved 1048576K
}
Event: 2.163 GC heap before
{Heap before GC invocations=9 (full 2):
 PSYoungGen      total 517632K, used 16221K [0x000000076ca00000, 0x00000007a7c80000, 0x00000007c0000000)
  eden space 498688K, 0% used [0x000000076ca00000,0x000000076ca00000,0x000000078b100000)
  from space 18944K, 85% used [0x000000078b100000,0x000000078c0d74c0,0x000000078c380000)
  to   space 20992K, 0% used [0x00000007a6800000,0x00000007a6800000,0x00000007a7c80000)
 ParOldGen       total 75264K, used 17860K [0x00000006c5e00000, 0x00000006ca780000, 0x000000076ca00000)
  object space 75264K, 23% used [0x00000006c5e00000,0x00000006c6f710c8,0x00000006ca780000)
 Metaspace       used 34840K, capacity 36396K, committed 36600K, reserved 1081344K
  class space    used 4608K, capacity 4898K, committed 4992K, reserved 1048576K
Event: 2.208 GC heap after
Heap after GC invocations=9 (full 2):
 PSYoungGen      total 517632K, used 0K [0x000000076ca00000, 0x00000007a7c80000, 0x00000007c0000000)
  eden space 498688K, 0% used [0x000000076ca00000,0x000000076ca00000,0x000000078b100000)
  from space 18944K, 0% used [0x000000078b100000,0x000000078b100000,0x000000078c380000)
  to   space 20992K, 0% used [0x00000007a6800000,0x00000007a6800000,0x00000007a7c80000)
 ParOldGen       total 110080K, used 23822K [0x00000006c5e00000, 0x00000006cc980000, 0x000000076ca00000)
  object space 110080K, 21% used [0x00000006c5e00000,0x00000006c7543a80,0x00000006cc980000)
 Metaspace       used 34840K, capacity 36396K, committed 36600K, reserved 1081344K
  class space    used 4608K, capacity 4898K, committed 4992K, reserved 1048576K
}
Event: 28.383 GC heap before
{Heap before GC invocations=10 (full 2):
 PSYoungGen      total 517632K, used 498688K [0x000000076ca00000, 0x00000007a7c80000, 0x00000007c0000000)
  eden space 498688K, 100% used [0x000000076ca00000,0x000000078b100000,0x000000078b100000)
  from space 18944K, 0% used [0x000000078b100000,0x000000078b100000,0x000000078c380000)
  to   space 20992K, 0% used [0x00000007a6800000,0x00000007a6800000,0x00000007a7c80000)
 ParOldGen       total 110080K, used 23822K [0x00000006c5e00000, 0x00000006cc980000, 0x000000076ca00000)
  object space 110080K, 21% used [0x00000006c5e00000,0x00000006c7543a80,0x00000006cc980000)
 Metaspace       used 57433K, capacity 60008K, committed 60360K, reserved 1101824K
  class space    used 7669K, capacity 8109K, committed 8192K, reserved 1048576K
Event: 28.495 GC heap after
Heap after GC invocations=10 (full 2):
 PSYoungGen      total 930304K, used 20967K [0x000000076ca00000, 0x00000007a7c80000, 0x00000007c0000000)
  eden space 909312K, 0% used [0x000000076ca00000,0x000000076ca00000,0x00000007a4200000)
  from space 20992K, 99% used [0x00000007a6800000,0x00000007a7c79ec8,0x00000007a7c80000)
  to   space 28160K, 0% used [0x00000007a4580000,0x00000007a4580000,0x00000007a6100000)
 ParOldGen       total 110080K, used 32452K [0x00000006c5e00000, 0x00000006cc980000, 0x000000076ca00000)
  object space 110080K, 29% used [0x00000006c5e00000,0x00000006c7db12f8,0x00000006cc980000)
 Metaspace       used 57433K, capacity 60008K, committed 60360K, reserved 1101824K
  class space    used 7669K, capacity 8109K, committed 8192K, reserved 1048576K
}
Event: 28.828 GC heap before
{Heap before GC invocations=11 (full 2):
 PSYoungGen      total 930304K, used 60024K [0x000000076ca00000, 0x00000007a7c80000, 0x00000007c0000000)
  eden space 909312K, 4% used [0x000000076ca00000,0x000000076f0242f0,0x00000007a4200000)
  from space 20992K, 99% used [0x00000007a6800000,0x00000007a7c79ec8,0x00000007a7c80000)
  to   space 28160K, 0% used [0x00000007a4580000,0x00000007a4580000,0x00000007a6100000)
 ParOldGen       total 110080K, used 32452K [0x00000006c5e00000, 0x00000006cc980000, 0x000000076ca00000)
  object space 110080K, 29% used [0x00000006c5e00000,0x00000006c7db12f8,0x00000006cc980000)
 Metaspace       used 58301K, capacity 60898K, committed 61000K, reserved 1101824K
  class space    used 7773K, capacity 8220K, committed 8320K, reserved 1048576K

